Der Buildvorgang wurde am 26.01.2015 18:34:21 gestartet.
     1>Projekt "H:\Multicast\Multicast\Multicast.vcxproj" auf Knoten "2", Build Ziel(e).
     1>ClCompile:
         C:\Program Files (x86)\Microsoft Visual Studio 12.0\VC\bin\CL.exe /c /ZI /nologo /W3 /WX- /sdl /Od /Oy- /D WIN32 /D _DEBUG /D _CONSOLE /D _UNICODE /D UNICODE /Gm /EHsc /RTC1 /MDd /GS /fp:precise /Zc:wchar_t /Zc:forScope /Fo"Debug\\" /Fd"Debug\vc120.pdb" /Gd /TC /analyze- /errorReport:prompt Multicast.c ServerSy.c
         ServerSy.c
         Multicast.c
     1>h:\multicast\multicast\multicast.c(41): warning C4101: 'i': Unreferenzierte lokale Variable
     1>h:\multicast\multicast\multicast.c(198): warning C4133: 'Funktion': Inkompatible Typen - von 'int *' zu 'const char *'
     1>h:\multicast\multicast\multicast.c(282): warning C4133: 'Funktion': Inkompatible Typen - von 'sockaddr_in6 *' zu 'sockaddr *'
     1>h:\multicast\multicast\multicast.c(269): warning C4101: 'timert': Unreferenzierte lokale Variable
     1>h:\multicast\multicast\multicast.c(270): warning C4101: 'recvString': Unreferenzierte lokale Variable
     1>h:\multicast\multicast\multicast.c(276): warning C4101: 'ipstr': Unreferenzierte lokale Variable
         Code wird generiert...
       Link:
         C:\Program Files (x86)\Microsoft Visual Studio 12.0\VC\bin\link.exe /ERRORREPORT:PROMPT /OUT:"H:\Multicast\Debug\Multicast.exe" /INCREMENTAL /NOLOGO kernel32.lib user32.lib gdi32.lib winspool.lib comdlg32.lib advapi32.lib shell32.lib ole32.lib oleaut32.lib uuid.lib odbc32.lib odbccp32.lib /MANIFEST /MANIFESTUAC:"level='asInvoker' uiAccess='false'" /manifest:embed /DEBUG /PDB:"H:\Multicast\Debug\Multicast.pdb" /SUBSYSTEM:CONSOLE /TLBID:1 /DYNAMICBASE /NXCOMPAT /IMPLIB:"H:\Multicast\Debug\Multicast.lib" /MACHINE:X86 Debug\Multicast.obj
         Debug\ServerSy.obj
         Multicast.vcxproj -> H:\Multicast\Debug\Multicast.exe
     1>Die Erstellung des Projekts "H:\Multicast\Multicast\Multicast.vcxproj" ist abgeschlossen, Build Ziel(e).

Build erfolgreich.

Verstrichene Zeit 00:00:07.35
