Der Buildvorgang wurde am 26.01.2015 20:03:21 gestartet.
     1>Projekt "C:\Users\Kay\Documents\GitHub\brnks\Multicast\Multicast_final\Multicast1\Multicast1.vcxproj" auf Knoten "4", Build Ziel(e).
     1>C:\Program Files (x86)\MSBuild\Microsoft.Cpp\v4.0\V120\Microsoft.CppBuild.targets(388,5): warning MSB8028: The intermediate directory (Debug\) contains files shared from another project (Multicast1.vcxproj).  This can lead to incorrect clean and rebuild behavior.
     1>ClCompile:
         C:\Program Files (x86)\Microsoft Visual Studio 12.0\VC\bin\CL.exe /c /ZI /nologo /W3 /WX- /sdl /Od /Oy- /D WIN32 /D _DEBUG /D _CONSOLE /D _LIB /D _UNICODE /D UNICODE /Gm /EHsc /RTC1 /MDd /GS /fp:precise /Zc:wchar_t /Zc:forScope /Fo"Debug\\" /Fd"Debug\vc120.pdb" /Gd /TC /analyze- /errorReport:prompt ..\Multicast\Multicast.c ..\Multicast\ServerSy.c
         ServerSy.c
         Multicast.c
     1>c:\users\kay\documents\github\brnks\multicast\multicast_final\multicast\multicast.c(41): warning C4101: 'i': Unreferenzierte lokale Variable
     1>c:\users\kay\documents\github\brnks\multicast\multicast_final\multicast\multicast.c(198): warning C4133: 'Funktion': Inkompatible Typen - von 'int *' zu 'const char *'
     1>c:\users\kay\documents\github\brnks\multicast\multicast_final\multicast\multicast.c(283): warning C4133: 'Funktion': Inkompatible Typen - von 'sockaddr_in6 *' zu 'sockaddr *'
     1>c:\users\kay\documents\github\brnks\multicast\multicast_final\multicast\multicast.c(270): warning C4101: 'timert': Unreferenzierte lokale Variable
     1>c:\users\kay\documents\github\brnks\multicast\multicast_final\multicast\multicast.c(271): warning C4101: 'recvString': Unreferenzierte lokale Variable
     1>c:\users\kay\documents\github\brnks\multicast\multicast_final\multicast\multicast.c(277): warning C4101: 'ipstr': Unreferenzierte lokale Variable
         Code wird generiert...
       Link:
         C:\Program Files (x86)\Microsoft Visual Studio 12.0\VC\bin\link.exe /ERRORREPORT:PROMPT /OUT:"C:\Users\Kay\Documents\GitHub\brnks\Multicast\Multicast_final\Debug\Empfaenger1.exe" /INCREMENTAL /NOLOGO kernel32.lib user32.lib gdi32.lib winspool.lib comdlg32.lib advapi32.lib shell32.lib ole32.lib oleaut32.lib uuid.lib odbc32.lib odbccp32.lib /MANIFEST /MANIFESTUAC:"level='asInvoker' uiAccess='false'" /manifest:embed /DEBUG /PDB:"C:\Users\Kay\Documents\GitHub\brnks\Multicast\Multicast_final\Debug\Empfaenger1.pdb" /SUBSYSTEM:CONSOLE /TLBID:1 /DYNAMICBASE /NXCOMPAT /IMPLIB:"C:\Users\Kay\Documents\GitHub\brnks\Multicast\Multicast_final\Debug\Empfaenger1.lib" /MACHINE:X86 Debug\Multicast.obj
         Debug\ServerSy.obj
         Multicast1.vcxproj -> C:\Users\Kay\Documents\GitHub\brnks\Multicast\Multicast_final\Debug\Empfaenger1.exe
     1>Die Erstellung des Projekts "C:\Users\Kay\Documents\GitHub\brnks\Multicast\Multicast_final\Multicast1\Multicast1.vcxproj" ist abgeschlossen, Build Ziel(e).

Build erfolgreich.

Verstrichene Zeit 00:00:02.11
